2025-06-06 11:46:39,553 - app_factory - INFO - API v1 routes initialized
2025-06-06 11:46:39,553 - app_factory - INFO - Application created successfully
2025-06-06 11:46:39,744 - app_factory - INFO - API v1 routes initialized
2025-06-06 11:46:39,744 - app_factory - INFO - Application created successfully
2025-06-06 11:49:02,185 - app_factory - INFO - API v1 routes initialized
2025-06-06 11:49:02,186 - app_factory - INFO - Application created successfully
2025-06-06 11:49:03,321 - app_factory - INFO - API v1 routes initialized
2025-06-06 11:49:03,322 - app_factory - INFO - Application created successfully
2025-06-06 11:49:11,503 - app_factory - INFO - API v1 routes initialized
2025-06-06 11:49:11,503 - app_factory - INFO - Application created successfully
2025-06-06 11:50:14,279 - app_factory - INFO - API v1 routes initialized
2025-06-06 11:50:14,279 - app_factory - INFO - Application created successfully
2025-06-06 14:06:47,266 - app_factory - INFO - API v1 routes initialized
2025-06-06 14:06:47,267 - app_factory - INFO - Application created successfully
2025-06-06 14:07:06,058 - app_factory - INFO - API v1 routes initialized
2025-06-06 14:07:06,058 - app_factory - INFO - Application created successfully
2025-06-06 14:07:06,152 - app_factory - INFO - API v1 routes initialized
2025-06-06 14:07:06,152 - app_factory - INFO - Application created successfully
2025-06-06 14:08:20,012 - app_factory - INFO - API v1 routes initialized
2025-06-06 14:08:20,012 - app_factory - INFO - Application created successfully
2025-06-06 16:25:29,236 - app_factory - INFO - API v1 routes initialized
2025-06-06 16:25:29,237 - app_factory - INFO - Application created successfully
2025-06-06 16:25:36,482 - app_factory - INFO - API v1 routes initialized
2025-06-06 16:25:36,482 - app_factory - INFO - Application created successfully
2025-06-06 16:25:38,151 - app_factory - INFO - API v1 routes initialized
2025-06-06 16:25:38,151 - app_factory - INFO - Application created successfully
2025-06-06 16:25:38,261 - app_factory - INFO - API v1 routes initialized
2025-06-06 16:25:38,261 - app_factory - INFO - Application created successfully
2025-06-06 16:26:17,782 - app_factory - INFO - API v1 routes initialized
2025-06-06 16:26:17,783 - app_factory - INFO - Application created successfully
2025-06-06 16:27:54,416 - app_factory - INFO - API v1 routes initialized
2025-06-06 16:27:54,416 - app_factory - INFO - Application created successfully
2025-06-06 16:27:54,505 - app_factory - INFO - API v1 routes initialized
2025-06-06 16:27:54,505 - app_factory - INFO - Application created successfully
2025-06-06 16:27:56,655 - app_factory - INFO - API v1 routes initialized
2025-06-06 16:27:56,655 - app_factory - INFO - Application created successfully
2025-06-06 16:27:57,793 - app_factory - INFO - API v1 routes initialized
2025-06-06 16:27:57,793 - app_factory - INFO - Application created successfully
2025-06-06 16:27:58,938 - app_factory - INFO - API v1 routes initialized
2025-06-06 16:27:58,938 - app_factory - INFO - Application created successfully
2025-06-06 16:29:35,032 - app_factory - INFO - API v1 routes initialized
2025-06-06 16:29:35,032 - app_factory - INFO - Application created successfully
2025-06-06 16:30:08,526 - app_factory - INFO - API v1 routes initialized
2025-06-06 16:30:08,526 - app_factory - INFO - Application created successfully
2025-06-06 16:32:32,012 - app_factory - INFO - API v1 routes initialized
2025-06-06 16:32:32,013 - app_factory - INFO - Application created successfully
2025-06-06 16:39:09,708 - app_factory - INFO - API v1 routes initialized
2025-06-06 16:39:09,708 - app_factory - INFO - Application created successfully
2025-06-06 16:39:20,989 - app_factory - INFO - API v1 routes initialized
2025-06-06 16:39:20,990 - app_factory - INFO - Application created successfully
2025-06-06 16:39:34,286 - app_factory - INFO - API v1 routes initialized
2025-06-06 16:39:34,287 - app_factory - INFO - Application created successfully
2025-06-06 16:39:43,521 - app_factory - INFO - API v1 routes initialized
2025-06-06 16:39:43,521 - app_factory - INFO - Application created successfully
2025-06-06 16:40:01,859 - app_factory - INFO - API v1 routes initialized
2025-06-06 16:40:01,860 - app_factory - INFO - Application created successfully
2025-06-06 16:40:27,264 - app_factory - INFO - API v1 routes initialized
2025-06-06 16:40:27,264 - app_factory - INFO - Application created successfully
2025-06-06 16:41:08,821 - app_factory - INFO - API v1 routes initialized
2025-06-06 16:41:08,821 - app_factory - INFO - Application created successfully
2025-06-06 16:55:05,661 - app_factory - INFO - API v1 routes initialized
2025-06-06 16:55:05,661 - app_factory - INFO - Application created successfully
2025-06-06 16:55:25,014 - app_factory - INFO - API v1 routes initialized
2025-06-06 16:55:25,014 - app_factory - INFO - Application created successfully
2025-06-06 16:55:26,148 - app_factory - INFO - API v1 routes initialized
2025-06-06 16:55:26,149 - app_factory - INFO - Application created successfully
2025-06-06 16:56:35,913 - app_factory - INFO - API v1 routes initialized
2025-06-06 16:56:35,914 - app_factory - INFO - Application created successfully
2025-06-06 16:56:55,272 - app_factory - INFO - API v1 routes initialized
2025-06-06 16:56:55,272 - app_factory - INFO - Application created successfully
2025-06-06 16:56:56,412 - app_factory - INFO - API v1 routes initialized
2025-06-06 16:56:56,412 - app_factory - INFO - Application created successfully
2025-06-06 16:57:27,941 - app_factory - INFO - API v1 routes initialized
2025-06-06 16:57:27,941 - app_factory - INFO - Application created successfully
2025-06-06 16:57:28,031 - app_factory - INFO - API v1 routes initialized
2025-06-06 16:57:28,031 - app_factory - INFO - Application created successfully
2025-06-06 16:59:07,132 - app_factory - INFO - API v1 routes initialized
2025-06-06 16:59:07,132 - app_factory - INFO - Application created successfully
2025-06-06 16:59:16,373 - app_factory - INFO - API v1 routes initialized
2025-06-06 16:59:16,373 - app_factory - INFO - Application created successfully
2025-06-06 16:59:23,589 - app_factory - INFO - API v1 routes initialized
2025-06-06 16:59:23,589 - app_factory - INFO - Application created successfully
2025-06-06 17:00:20,249 - app_factory - INFO - API v1 routes initialized
2025-06-06 17:00:20,250 - app_factory - INFO - Application created successfully
2025-06-06 17:04:05,821 - app_factory - INFO - API v1 routes initialized
2025-06-06 17:04:05,821 - app_factory - INFO - Application created successfully
2025-06-06 17:04:05,937 - app_factory - INFO - API v1 routes initialized
2025-06-06 17:04:05,937 - app_factory - INFO - Application created successfully
2025-06-06 17:05:41,059 - app_factory - INFO - API v1 routes initialized
2025-06-06 17:05:41,059 - app_factory - INFO - Application created successfully
2025-06-06 17:05:41,155 - app_factory - INFO - API v1 routes initialized
2025-06-06 17:05:41,155 - app_factory - INFO - Application created successfully
2025-06-06 17:05:51,421 - app_factory - INFO - API v1 routes initialized
2025-06-06 17:05:51,421 - app_factory - INFO - Application created successfully
2025-06-06 17:51:44,618 - app_factory - INFO - API v1 routes initialized
2025-06-06 17:51:44,618 - app_factory - INFO - Application created successfully
2025-06-06 17:52:10,026 - app_factory - INFO - API v1 routes initialized
2025-06-06 17:52:10,026 - app_factory - INFO - Application created successfully
2025-06-06 17:57:23,250 - app_factory - INFO - API v1 routes initialized
2025-06-06 17:57:23,250 - app_factory - INFO - Application created successfully
2025-06-06 18:06:37,904 - app_factory - INFO - API v1 routes initialized with MVC architecture
2025-06-06 18:06:37,905 - app_factory - INFO - Application created successfully
2025-06-06 18:06:38,016 - app_factory - INFO - API v1 routes initialized with MVC architecture
2025-06-06 18:06:38,016 - app_factory - INFO - Application created successfully
2025-06-06 18:07:22,605 - app_factory - INFO - API v1 routes initialized with MVC architecture
2025-06-06 18:07:22,605 - app_factory - INFO - Application created successfully
2025-06-06 18:07:31,855 - app_factory - INFO - API v1 routes initialized with MVC architecture
2025-06-06 18:07:31,855 - app_factory - INFO - Application created successfully
2025-06-06 18:07:52,789 - app_factory - INFO - API v1 routes initialized with MVC architecture
2025-06-06 18:07:52,790 - app_factory - INFO - Application created successfully
2025-06-06 18:07:52,888 - app_factory - INFO - API v1 routes initialized with MVC architecture
2025-06-06 18:07:52,888 - app_factory - INFO - Application created successfully
2025-06-07 17:23:36,967 - app_factory - INFO - API v1 routes initialized with MVC architecture
2025-06-07 17:23:36,967 - app_factory - INFO - Application created successfully
2025-06-07 17:23:37,164 - app_factory - INFO - API v1 routes initialized with MVC architecture
2025-06-07 17:23:37,165 - app_factory - INFO - Application created successfully
2025-06-07 17:24:08,040 - app_factory - INFO - API v1 routes initialized with MVC architecture
2025-06-07 17:24:08,041 - app_factory - INFO - Application created successfully
2025-06-07 17:24:08,223 - app_factory - INFO - API v1 routes initialized with MVC architecture
2025-06-07 17:24:08,223 - app_factory - INFO - Application created successfully
2025-06-07 17:30:34,100 - app_factory - INFO - API v1 routes initialized with MVC architecture
2025-06-07 17:30:34,101 - app_factory - INFO - Application created successfully
2025-06-07 17:30:34,283 - app_factory - INFO - API v1 routes initialized with MVC architecture
2025-06-07 17:30:34,283 - app_factory - INFO - Application created successfully
2025-06-07 17:34:08,815 - app_factory - INFO - API v1 routes initialized with MVC architecture
2025-06-07 17:34:08,815 - app_factory - INFO - Application created successfully
2025-06-07 17:34:25,129 - app_factory - INFO - API v1 routes initialized with MVC architecture
2025-06-07 17:34:25,130 - app_factory - INFO - Application created successfully
2025-06-07 17:34:36,444 - app_factory - INFO - API v1 routes initialized with MVC architecture
2025-06-07 17:34:36,444 - app_factory - INFO - Application created successfully
2025-06-07 17:34:50,959 - app_factory - INFO - API v1 routes initialized with MVC architecture
2025-06-07 17:34:50,960 - app_factory - INFO - Application created successfully
2025-06-07 17:34:59,264 - app_factory - INFO - API v1 routes initialized with MVC architecture
2025-06-07 17:34:59,264 - app_factory - INFO - Application created successfully
2025-06-07 17:40:38,415 - app_factory - INFO - Console routes initialized
2025-06-07 17:40:38,417 - app_factory - INFO - Web routes initialized
2025-06-07 17:40:38,418 - app_factory - INFO - Service API routes initialized
2025-06-07 17:40:38,418 - app_factory - INFO - All controller routes initialized successfully
2025-06-07 17:40:38,418 - app_factory - INFO - Application created successfully
2025-06-07 17:40:38,610 - app_factory - INFO - Console routes initialized
2025-06-07 17:40:38,614 - app_factory - INFO - Web routes initialized
2025-06-07 17:40:38,614 - app_factory - INFO - Service API routes initialized
2025-06-07 17:40:38,615 - app_factory - INFO - All controller routes initialized successfully
2025-06-07 17:40:38,615 - app_factory - INFO - Application created successfully
2025-06-08 14:02:17,869 - app_factory - INFO - Console routes initialized
2025-06-08 14:02:17,871 - app_factory - INFO - Web routes initialized
2025-06-08 14:02:17,872 - app_factory - INFO - Service API routes initialized
2025-06-08 14:02:17,872 - app_factory - INFO - All controller routes initialized successfully
2025-06-08 14:02:17,872 - app_factory - INFO - Application created successfully
2025-06-08 14:02:18,055 - app_factory - INFO - Console routes initialized
2025-06-08 14:02:18,057 - app_factory - INFO - Web routes initialized
2025-06-08 14:02:18,058 - app_factory - INFO - Service API routes initialized
2025-06-08 14:02:18,058 - app_factory - INFO - All controller routes initialized successfully
2025-06-08 14:02:18,058 - app_factory - INFO - Application created successfully
